<?xml version="1.0" encoding="UTF-8"?>
<robot generator="Robot 5.0.1 (Python 3.10.5 on win32)" generated="20220803 18:41:14.062" rpa="false" schemaversion="3">
<suite id="s1" name="ShopeeElectronic" source="C:\Users\yardhad\Github\robotframework-ecommerce\Tests\TestCases\Shopee\ShopeeElectronic.robot">
<test id="s1-t1" name="SHOPEE Sort by Relevance" line="11">
<kw name="Open Website Shopee" library="stepShopee">
<kw name="Open Browser" library="SeleniumLibrary">
<arg>@{URL SHOPEE}</arg>
<doc>Opens a new browser instance to the optional ``url``.</doc>
<msg timestamp="20220803 18:41:14.283" level="INFO">Opening browser 'chrome' to base url 'https://shopee.co.id/'.</msg>
<status status="PASS" starttime="20220803 18:41:14.283" endtime="20220803 18:41:24.519"/>
</kw>
<kw name="Sleep" library="BuiltIn">
<arg>3</arg>
<doc>Pauses the test executed for the given time.</doc>
<msg timestamp="20220803 18:41:27.522" level="INFO">Slept 3 seconds</msg>
<status status="PASS" starttime="20220803 18:41:24.520" endtime="20220803 18:41:27.522"/>
</kw>
<kw name="Maximize Browser Window" library="SeleniumLibrary">
<doc>Maximizes current browser window.</doc>
<status status="PASS" starttime="20220803 18:41:27.522" endtime="20220803 18:41:27.655"/>
</kw>
<kw name="Run Keyword And Return Status" library="BuiltIn">
<var>${status}</var>
<arg>Page Should Contain</arg>
<arg>${SEARCH BOX SHOPEE}</arg>
<arg>loglevel=NONE</arg>
<doc>Runs the given keyword with given arguments and returns the status as a Boolean value.</doc>
<kw name="Page Should Contain" library="SeleniumLibrary">
<arg>${SEARCH BOX SHOPEE}</arg>
<arg>loglevel=NONE</arg>
<doc>Verifies that current page contains ``text``.</doc>
<msg timestamp="20220803 18:41:28.294" level="INFO" html="true">&lt;/td&gt;&lt;/tr&gt;&lt;tr&gt;&lt;td colspan="3"&gt;&lt;a href="selenium-screenshot-1.png"&gt;&lt;img src="selenium-screenshot-1.png" width="800px"&gt;&lt;/a&gt;</msg>
<msg timestamp="20220803 18:41:28.294" level="FAIL">Page should have contained text 'xpath=//*[@id="main"]/div/header/div[2]/div/div[1]/div[1]/div/form/input' but did not.</msg>
<status status="FAIL" starttime="20220803 18:41:27.656" endtime="20220803 18:41:28.296"/>
</kw>
<msg timestamp="20220803 18:41:28.296" level="INFO">${status} = False</msg>
<status status="PASS" starttime="20220803 18:41:27.655" endtime="20220803 18:41:28.296"/>
</kw>
<kw name="Run Keyword If" library="BuiltIn">
<arg>${status}</arg>
<arg>Element Should Be Visible</arg>
<arg>${SEARCH BOX SHOPEE}</arg>
<arg>Else</arg>
<arg>Close Pop Up Shopee</arg>
<doc>Runs the given keyword with the given arguments, if ``condition`` is true.</doc>
<status status="PASS" starttime="20220803 18:41:28.296" endtime="20220803 18:41:28.297"/>
</kw>
<status status="PASS" starttime="20220803 18:41:14.283" endtime="20220803 18:41:28.297"/>
</kw>
<kw name="Click Search Box Shopee" library="stepShopee">
<kw name="Click Element" library="SeleniumLibrary">
<arg>${SEARCH BOX SHOPEE}</arg>
<doc>Click the element identified by ``locator``.</doc>
<msg timestamp="20220803 18:41:28.298" level="INFO">Clicking element 'xpath=//*[@id="main"]/div/header/div[2]/div/div[1]/div[1]/div/form/input'.</msg>
<msg timestamp="20220803 18:41:29.620" level="INFO" html="true">&lt;/td&gt;&lt;/tr&gt;&lt;tr&gt;&lt;td colspan="3"&gt;&lt;a href="selenium-screenshot-2.png"&gt;&lt;img src="selenium-screenshot-2.png" width="800px"&gt;&lt;/a&gt;</msg>
<msg timestamp="20220803 18:41:29.621" level="FAIL">ElementClickInterceptedException: Message: element click intercepted: Element &lt;input aria-label="Gratis Ongkir RP0 Semua Toko" class="shopee-searchbar-input__input" maxlength="128" placeholder="Gratis Ongkir RP0 Semua Toko" autocomplete="off" aria-autocomplete="list" aria-controls="shopee-searchbar-listbox" aria-expanded="false" role="combobox" value=""&gt; is not clickable at point (632, 70). Other element would receive the click: &lt;shopee-banner-popup-stateful spacekey="PC-ID-HOME_POPUP_01"&gt;&lt;/shopee-banner-popup-stateful&gt;
  (Session info: chrome=103.0.5060.134)
Stacktrace:
Backtrace:
	Ordinal0 [0x007D56B3+2184883]
	Ordinal0 [0x0076E5F1+1762801]
	Ordinal0 [0x00683DA8+802216]
	Ordinal0 [0x006B8287+1016455]
	Ordinal0 [0x006B6258+1008216]
	Ordinal0 [0x006B3F3B+999227]
	Ordinal0 [0x006B2C99+994457]
	Ordinal0 [0x006A88D3+952531]
	Ordinal0 [0x006CCB0C+1100556]
	Ordinal0 [0x006A82B4+950964]
	Ordinal0 [0x006CCD24+1101092]
	Ordinal0 [0x006DCF52+1167186]
	Ordinal0 [0x006CC926+1100070]
	Ordinal0 [0x006A6EA0+945824]
	Ordinal0 [0x006A7D96+949654]
	GetHandleVerifier [0x00A74192+2704034]
	GetHandleVerifier [0x00A6687D+2648461]
	GetHandleVerifier [0x0086119A+529066]
	GetHandleVerifier [0x00860006+524566]
	Ordinal0 [0x00774F2B+1789739]
	Ordinal0 [0x00779978+1808760]
	Ordinal0 [0x00779A65+1808997]
	Ordinal0 [0x00782A01+1845761]
	BaseThreadInitThunk [0x76AB6739+25]
	RtlGetFullPathName_UEx [0x77828FEF+1215]
	RtlGetFullPathName_UEx [0x77828FBD+1165]
</msg>
<status status="FAIL" starttime="20220803 18:41:28.297" endtime="20220803 18:41:29.632"/>
</kw>
<kw name="Sleep" library="BuiltIn">
<arg>3</arg>
<doc>Pauses the test executed for the given time.</doc>
<status status="NOT RUN" starttime="20220803 18:41:29.632" endtime="20220803 18:41:29.632"/>
</kw>
<status status="FAIL" starttime="20220803 18:41:28.297" endtime="20220803 18:41:29.632"/>
</kw>
<kw name="Type Item 1 Name Shopee" library="stepShopee">
<status status="NOT RUN" starttime="20220803 18:41:29.632" endtime="20220803 18:41:29.633"/>
</kw>
<kw name="Hit Submit Button Shopee" library="stepShopee">
<status status="NOT RUN" starttime="20220803 18:41:29.633" endtime="20220803 18:41:29.633"/>
</kw>
<kw name="Sort by Relevance Tag Electronic Shopee" library="stepShopee">
<status status="NOT RUN" starttime="20220803 18:41:29.633" endtime="20220803 18:41:29.633"/>
</kw>
<kw name="Get Product Name with Sort by Relevance Page 1 Shopee" library="stepShopee">
<status status="NOT RUN" starttime="20220803 18:41:29.633" endtime="20220803 18:41:29.633"/>
</kw>
<kw name="Get Product Name with Sort by Relevance Page 2 Shopee" library="stepShopee">
<status status="NOT RUN" starttime="20220803 18:41:29.633" endtime="20220803 18:41:29.633"/>
</kw>
<kw name="Close Browser" library="SeleniumLibrary">
<doc>Closes the current browser.</doc>
<status status="NOT RUN" starttime="20220803 18:41:29.633" endtime="20220803 18:41:29.633"/>
</kw>
<status status="FAIL" starttime="20220803 18:41:14.282" endtime="20220803 18:41:29.633">ElementClickInterceptedException: Message: element click intercepted: Element &lt;input aria-label="Gratis Ongkir RP0 Semua Toko" class="shopee-searchbar-input__input" maxlength="128" placeholder="Gratis Ongkir RP0 Semua Toko" autocomplete="off" aria-autocomplete="list" aria-controls="shopee-searchbar-listbox" aria-expanded="false" role="combobox" value=""&gt; is not clickable at point (632, 70). Other element would receive the click: &lt;shopee-banner-popup-stateful spacekey="PC-ID-HOME_POPUP_01"&gt;&lt;/shopee-banner-popup-stateful&gt;
  (Session info: chrome=103.0.5060.134)
Stacktrace:
Backtrace:
	Ordinal0 [0x007D56B3+2184883]
	Ordinal0 [0x0076E5F1+1762801]
	Ordinal0 [0x00683DA8+802216]
	Ordinal0 [0x006B8287+1016455]
	Ordinal0 [0x006B6258+1008216]
	Ordinal0 [0x006B3F3B+999227]
	Ordinal0 [0x006B2C99+994457]
	Ordinal0 [0x006A88D3+952531]
	Ordinal0 [0x006CCB0C+1100556]
	Ordinal0 [0x006A82B4+950964]
	Ordinal0 [0x006CCD24+1101092]
	Ordinal0 [0x006DCF52+1167186]
	Ordinal0 [0x006CC926+1100070]
	Ordinal0 [0x006A6EA0+945824]
	Ordinal0 [0x006A7D96+949654]
	GetHandleVerifier [0x00A74192+2704034]
	GetHandleVerifier [0x00A6687D+2648461]
	GetHandleVerifier [0x0086119A+529066]
	GetHandleVerifier [0x00860006+524566]
	Ordinal0 [0x00774F2B+1789739]
	Ordinal0 [0x00779978+1808760]
	Ordinal0 [0x00779A65+1808997]
	Ordinal0 [0x00782A01+1845761]
	BaseThreadInitThunk [0x76AB6739+25]
	RtlGetFullPathName_UEx [0x77828FEF+1215]
	RtlGetFullPathName_UEx [0x77828FBD+1165]
</status>
</test>
<doc>This test suite to test functionality survey, each type survey have 1 survey</doc>
<status status="FAIL" starttime="20220803 18:41:14.063" endtime="20220803 18:41:29.634"/>
</suite>
<statistics>
<total>
<stat pass="0" fail="1" skip="0">All Tests</stat>
</total>
<tag>
</tag>
<suite>
<stat pass="0" fail="1" skip="0" id="s1" name="ShopeeElectronic">ShopeeElectronic</stat>
</suite>
</statistics>
<errors>
</errors>
</robot>
